2000 1 3 3 Cs Cs Cs Rb Cs Cs Rb Rb Cs Cs Rb no Rb Cs Cs Cs Cs Cs Rb no Cs Rb Cs Rb Cs Rb Cs no Rb Cs Cs no 
2000 1 5 5 Cs Cs Cs Rb Cs Cs Rb Cs Cs Cs Rb no Rb Cs Cs Cs Cs Cs Cs no Cs Rb Cs Rb Cs Rb Cs no Rb Cs Cs no 
2000 4 11 102 Cs Cs Cs Rb Cs Cs Rb Rb Cs Cs Rb no Rb Rb Cs Cs Cs Cs Cs no Cs Rb Cs Rb Cs Rb Cs no Rb Cs Cs no 
2000 4 19 110 Cs Cs Cs Rb Cs Cs Rb Rb Cs Cs Rb no Rb no Cs Cs Cs Cs Cs no Cs Rb Cs Rb Cs Rb Cs no Rb Cs Cs no 
2000 5 22 143 Cs Cs Cs Rb Cs Cs Rb Rb Cs Cs Rb no Rb no Cs Rb Cs Cs Cs no Cs Rb Cs Rb Cs Rb Cs no Rb Cs Cs no 
2000 6 6 158 Cs Cs Cs Rb Cs Cs Rb Rb Cs Cs Rb no Rb no Cs Rb Cs Cs Cs Rb Cs Rb Cs Rb Cs Rb Cs no Rb Cs Cs no 
2000 8 22 235 Cs Cs Cs Rb Cs Cs Rb Rb Cs Cs Rb no Rb no Cs Cs Cs no Cs Rb Cs Rb Cs Rb Cs Rb Cs Rb Rb Cs Cs no 
2000 10 17 291 Cs Cs Cs Rb Cs Cs Rb Rb Cs Cs Rb no Rb no Cs no Cs no Cs Rb Cs Rb Cs Rb Cs Rb Cs Rb Rb Cs Cs no 
2000 12 11 346 Cs Cs Cs Rb Cs Cs Rb Rb Cs Cs Rb no Rb Rb Cs no Cs no Cs Rb Cs Rb Cs Rb Cs Rb Cs Rb Rb Cs Cs no 
2001 1 29 29 Cs Cs Cs Rb Cs Cs Rb Rb Cs Cs Rb no Rb Rb Cs no Cs no Cs Rb Cs Rb Cs Cs Cs Rb Cs Rb Rb Cs Cs no 
2001 3 13 72 Cs Cs Cs Rb Cs Cs Rb Rb Cs Cs Rb no Rb Rb Cs no Cs Rb Cs Rb Cs Rb Cs Cs Cs Rb Cs Rb Rb Cs Cs no 
2001 4 18 108 Cs Cs Cs Rb Cs Cs Rb Rb Cs Cs Rb no Rb Rb Cs no Rb Rb Cs Rb Cs Rb Cs Cs Cs Rb Cs Rb Rb Cs Cs no 
2001 9 4 247 Cs Cs Cs Rb Cs Cs Rb Rb Cs Cs Rb no Rb Rb Cs no Rb Rb Cs Rb Cs Rb Cs Cs Cs Rb Cs Rb Rb Rb Cs no 
2001 9 19 262 Cs Cs Cs Rb Cs Cs Rb Rb Cs Cs Rb no Rb Rb Cs no Rb Rb no Rb Cs Rb Cs Cs Cs Rb Cs Rb Rb Rb Cs no 
2002 3 5 64 Cs Cs Cs Rb Cs Cs Rb Rb Cs Cs Rb no Rb Rb Cs no Cs Rb Cs Rb Cs Rb Cs Cs Cs Rb Cs Rb Rb Cs Cs no 
2002 3 6 65 Cs Cs Cs Rb Cs Cs Rb Rb Cs Cs Rb no Rb Rb Cs no Rb Rb no Rb Cs Rb Cs Cs Cs Rb Cs Rb Rb Rb Cs no 
2002 4 26 116 Cs Cs Cs Rb Cs Cs Rb Rb Cs Cs Rb no Rb Rb Cs no Rb Rb no Rb Cs Rb Cs Cs Cs Rb Cs Rb Rb Rb Rb no 
2002 6 20 171 Cs Cs Cs Rb Cs Cs Rb Rb Cs Cs Rb no Rb Rb Cs no Rb Rb no Rb Cs Rb Cs Cs Cs Rb Rb Rb Rb Rb Rb no 
2002 10 15 288 Cs Cs Cs Rb Cs Cs Rb Rb Cs Cs Rb no Rb Rb Cs no Cs Rb no Rb Cs Rb Cs Cs Cs Rb Rb Rb Rb Rb Rb no 
2002 11 18 322 Cs Cs Cs Rb Cs Cs Rb Rb Cs Cs Rb no Rb Rb Cs no Cs Rb no Rb Cs Cs Cs Cs Cs Rb Rb Rb Rb Rb Rb no 
2003 1 28 28 Cs Cs Cs Rb Cs Cs Rb Rb Cs Cs Rb no Rb Rb Cs no Cs Rb no Rb no Cs Cs Cs Cs Rb Rb Rb Rb Rb Rb no 
2003 2 5 36 Cs Cs Cs Rb Cs Cs Rb Rb Cs Cs Rb no Rb Rb Cs Rb Cs Rb no Rb no Cs Cs Cs Cs Rb Rb Rb Rb Rb Rb no 
2003 4 7 97 Cs Cs Cs Rb Cs Cs Rb Rb Cs Cs Rb no Rb Rb Cs Rb Cs Rb no Rb Rb Cs Cs Cs Cs Rb Rb Rb Rb Rb Rb no 
2003 6 12 163 Cs Cs Cs Rb Rb Cs Rb Rb Cs Cs Rb no Rb Rb Cs Rb Cs Rb no Rb Rb Cs Cs Cs Cs Rb Rb Rb Rb Rb Rb no 
2003 7 22 203 Cs Cs Cs Rb Rb Cs Rb Rb Cs Cs Rb no Rb Rb Cs Rb Rb Rb no Rb Rb Cs Cs Cs Cs Rb Rb Rb Rb Rb Rb no 
2003 8 8 220 Cs Cs Cs Rb Rb Cs Rb Rb Cs Cs Rb no Rb Rb Cs Rb Rb Rb no Rb Rb no Cs Cs Cs Rb Rb Rb Rb Rb Rb no 
2003 10 10 283 Cs Cs Cs Rb Cs Cs Rb Rb Cs Cs Rb no Rb Rb Cs Rb Rb Rb no Rb Rb no Cs Cs Cs Rb Rb Rb Rb Rb Rb no 
2003 11 20 324 Cs Cs Cs Rb Cs Cs Rb Rb Cs Cs Rb no Rb Rb Cs Rb Rb Rb no Rb Rb no Rb Cs Cs Rb Rb Rb Rb Rb Rb no 
2004 1 5 5 Cs Cs Cs Rb Cs Cs Rb Rb Cs Cs Rb no Rb Rb Cs Rb Rb Rb no Rb Rb Rb Rb Cs Cs Rb Rb Rb Rb Rb Rb no 
2004 3 1 61 Cs Cs Cs Rb Cs Cs Rb Rb Cs Cs Rb no Rb Rb Cs Rb Rb Rb no Rb Rb Rb no Cs Cs Rb Rb Rb Rb Rb Rb no 
2004 3 19 79 Cs Cs Cs Rb Cs Rb Rb Rb Cs Cs Rb no Rb Rb Cs Rb Rb Rb no Rb Rb Rb no Cs Cs Rb Rb Rb Rb Rb Rb no 
2004 3 29 89 Cs Cs Cs Rb Cs Rb Rb Rb Cs Cs Rb no Rb Rb Cs Rb Rb Rb Rb Rb Rb Rb no Cs Cs Rb Rb Rb Rb Rb Rb no 
2004 5 10 131 Cs Cs Cs Rb Cs Rb Rb Cs Cs Cs Rb no Rb Rb Cs Rb Rb Rb Rb Rb Rb Rb no Cs Cs Rb Rb Rb Rb Rb Rb no 
2004 5 12 133 Cs Cs Cs Rb Cs Rb Rb Rb Cs Cs Rb no Rb Rb Cs Rb Rb Rb Rb Rb Rb Rb no Cs Cs Rb Rb Rb Rb Rb Rb no 
2004 5 13 134 Cs Cs Cs Rb Cs Rb Rb Cs Cs Cs Rb no Rb Rb Cs Rb Rb Rb Rb Rb Rb Rb no Cs Cs Rb Rb Rb Rb Rb Rb no 
2004 5 14 135 Cs no Cs Rb Cs Rb Rb Cs Cs Cs Rb no Rb Rb Cs Rb Rb Rb Rb Rb Rb Rb no Cs Cs Rb Rb Rb Rb Rb Rb no 
2004 6 28 180 Cs no Cs Rb Cs Rb Rb Cs Cs Cs Rb no Rb Rb Cs Rb Rb Rb Rb Rb Rb Rb Rb Cs Cs Rb Rb Rb Rb Rb Rb no 
2004 11 17 322 Cs Rb Cs Rb Cs Rb Rb Cs Cs Cs Rb no Rb Rb Cs Rb Rb Rb Rb Rb Rb Rb Rb Cs Cs Rb Rb Rb Rb Rb Rb no 
2005 2 28 59 Cs Rb Cs Rb Cs Rb Rb Cs Cs Cs Rb no Rb Rb Cs Rb no Rb Rb Rb Rb Rb Rb Cs Cs Rb Rb Rb Rb Rb Rb no 
2005 6 29 180 Cs Rb Cs Rb Cs Rb Rb Cs Cs Cs Rb no Rb Rb Cs Rb no Rb Rb Rb Rb Rb Rb Cs Cs Rb Rb Rb Rb Rb Cs no 
2005 9 16 259 Cs Rb Cs Rb Rb Rb Rb Cs Cs Cs Rb no Rb Rb Cs Rb no Rb Rb Rb Rb Rb Rb Cs Cs Rb Cs Rb Rb Rb Cs no 
2005 10 14 287 Cs Rb Cs Rb Rb Rb Rb Cs Cs Cs Rb no Rb Rb Cs Rb Rb Rb Rb Rb Rb Rb Rb Cs Cs Rb Cs Rb Rb Rb Cs no 
2005 11 24 328 Cs Rb Cs Rb Rb Rb Rb Cs Cs Cs Rb no Rb Rb Cs Rb Rb Rb Rb Rb Rb Rb Rb Cs Cs Rb Cs Rb Rb Rb no no 
2005 12 1 335 Cs Rb Cs Rb Rb Rb Rb Cs Rb Cs Rb no Rb Rb Cs Rb Rb Rb Rb Rb Rb Rb Rb Cs Cs Rb Cs Rb Rb Rb no no 
2006 2 8 39 Cs Rb Cs Rb Rb Rb Rb Cs Rb Cs Rb no Rb Rb Cs Rb Rb Rb Rb Rb Rb Rb Rb Cs Rb Rb Cs Rb Rb Rb no no 
2006 6 8 159 Cs Rb Cs Rb Rb Rb Rb Cs Rb Cs Rb no Rb Rb Cs Rb Rb Rb Rb Rb Rb Rb Rb Cs Rb Rb Cs Rb Rb Cs no no 
2006 6 27 178 Cs Rb Rb Rb Rb Rb Rb Cs Rb Cs Rb no Rb Rb Cs Rb Rb Rb Rb Rb Rb Rb Rb Cs Rb Rb Cs Rb Rb Cs no no 
2006 9 11 254 Cs Rb Rb Rb Rb Rb Rb Cs Rb Cs Rb no Rb Rb Rb Rb Rb Rb Rb Rb Rb Rb Rb Cs Rb Rb Cs Rb Rb Cs no no 
2006 9 25 268 Cs Rb Rb Rb Rb Rb Rb Cs Rb Cs Rb no Rb Rb Rb Rb Rb Rb Rb Rb Rb Rb Rb Cs Rb Rb Cs Rb Rb Cs Rb no 
2006 11 17 321 Cs Rb Rb Rb Rb Rb Rb Cs Rb Cs Rb Rb Rb Rb Rb Rb Rb Rb Rb Rb Rb Rb Rb Cs Rb Rb Cs Rb Rb Cs Rb no 
2007 1 9 9 Cs Rb Cs Rb Rb Rb Rb Cs Rb Cs Rb Rb Rb Rb Rb Rb Rb Rb Rb Rb Rb Rb Rb Cs Rb Rb Cs Rb Rb Cs Rb no 
2007 3 12 71 Cs Rb Cs Rb Rb Rb Rb Cs Rb Cs Rb Rb Rb Rb Rb Rb Rb Rb Rb Rb Rb Rb Rb Cs Rb Rb Cs Rb Cs Cs Rb no 
2007 3 14 73 Cs Rb Cs Rb Rb Rb Rb Cs Rb Cs Rb Rb Rb Rb no Rb Rb Rb Rb Rb Rb Rb Rb Cs Rb Rb Cs Rb Cs Cs Rb no 
2007 6 26 177 Cs Rb Cs Rb Rb Rb Rb Cs Rb Cs Rb Rb Rb Rb no Rb Rb Rb Rb Rb Rb Rb Rb Cs Rb Rb Cs Rb Cs Cs Rb Rb 
2007 9 19 262 Cs Rb Cs Rb Rb Rb Rb Cs Rb Rb Rb Rb Rb Rb no Rb Rb Rb Rb Rb Rb Rb Rb Cs Rb Rb Cs Rb Cs Cs Rb Rb 
2007 10 18 291 Cs Rb Cs Rb Rb Rb Rb Cs Rb Rb Rb Rb Rb Rb Rb Rb Rb Rb Rb Rb Rb Rb Rb Cs Rb Rb Cs Rb Cs Cs Rb Rb 
2007 10 30 303 Cs Rb Cs Rb Rb Rb Rb Cs Cs Rb Rb Rb Rb Rb Rb Rb Rb Rb Rb Rb Rb Rb Rb Cs Rb Rb Cs Rb no Cs Rb Rb 
2007 12 22 356 Cs Rb Cs Rb Rb Rb Rb Cs Cs Rb Rb Rb Rb Rb Rb Rb Rb Rb Rb Rb Rb Rb Rb Cs Rb Rb Cs Rb Rb Cs Rb Rb 
2007 12 25 359 Cs Rb Cs Rb Rb Rb no Cs Cs Rb Rb Rb Rb Rb Rb Rb Rb Rb Rb Rb Rb Rb Rb Cs Rb Rb Cs Rb Rb Cs Rb Rb 
2008 3 16 76 Cs Rb Cs Rb Rb Rb Rb Cs Cs Rb Rb Rb Rb Rb Rb Rb Rb Rb Rb Rb Rb Rb Rb Cs Rb Rb Cs Rb Rb Cs Rb Rb 
2008 3 19 79 no Rb Cs Rb Rb Rb Rb Cs Cs Rb Rb Rb Rb Rb Rb Rb Rb Rb Rb Rb Rb Rb Rb Cs Rb Rb Cs Rb Rb Cs Rb Rb 
2008 3 29 89   no Rb Cs Rb Rb Rb Rb Cs Cs Cs Rb Rb Rb Rb Rb Rb Rb Rb Rb Rb Rb Rb Rb Cs Rb Rb Cs Rb Rb Cs Rb Rb 
2009 3 25 84 Rb Rb Cs Rb Rb Rb Rb Cs Cs Cs Rb Rb Rb Rb Rb Rb Rb Rb Rb Rb Rb Rb Rb Cs Rb Rb Cs Rb Rb Cs Rb Rb 
2009 7 23 204 Rb Rb Cs Rb no Rb Rb Cs Cs Cs Rb Rb Rb Rb Rb Rb Rb Rb Rb Rb Rb Rb Rb Cs Rb Rb Cs Rb Rb Cs Rb Rb 
2009 8 18 230 Rb Rb Cs Rb Rb Rb Rb Cs Cs Cs Rb Rb Rb Rb Rb Rb Rb Rb Rb Rb Rb Rb Rb Cs Rb Rb Cs Rb Rb Cs Rb Rb 
2009 10 20 293 Rb Rb Cs Rb Rb Rb Rb Rb Cs Cs Rb Rb Rb Rb Rb Rb Rb Rb Rb Rb Rb Rb Rb Cs Rb Rb Cs Rb Rb Cs Rb Rb 
2009 11 21 325 Rb Rb Cs Rb Rb Rb Rb Cs Cs Cs Rb Rb Rb Rb Rb Rb Rb Rb Rb Rb Rb Rb Rb Cs Rb Rb Cs Rb Rb Cs Rb Rb 
2010 2 10 41 Rb Rb Cs Rb Rb Rb Rb Cs Cs Cs Rb Rb Rb Rb Rb Rb Rb Rb Rb Rb Rb Rb Rb Cs no Rb Cs Rb Rb Cs Rb Rb 
2010 5 22 142 Rb Rb Cs Rb Rb Rb Rb Cs Cs Cs Rb Rb Rb Rb Rb Rb Rb Rb Rb Rb Rb Rb Rb Cs Rb Rb Cs Rb Rb Cs Rb Rb 
2011 6 23 174 Rb Rb Cs Rb Rb Rb Rb Cs Cs CB Rb Rb Rb Rb Rb Rb Rb Rb Rb Rb Rb Rb Rb Cs Rb Rb Cs Rb Rb Cs Rb Rb 
2011 6 28 179 Rb Rb Cs Rb Rb Rb Rb Cs Cs Cs Rb Rb Rb Rb Rb Rb Rb Rb Rb Rb Rb Rb Rb Cs Rb Rb Cs Rb Rb Cs Rb Rb 
